[2026-02-03--21-06-58 INFO actix_server::builder] starting 5 workers
[2026-02-03--21-06-58 INFO actix_server::server] Tokio runtime found; starting in existing Tokio runtime
[2026-02-03--21-06-58 INFO actix_server::server] starting service: "actix-web-service-127.0.0.1:18488", workers: 5, listening on: 127.0.0.1:18488
[2026-02-03--21-07-02 INFO parity_ws] Listening for new connections on 127.0.0.1:8900.
[2026-02-03--21-07-04 INFO txtx::svm::deploy_program] [Recovery Instructions] - An ephemeral authority account will be created and funded to write to the buffer account.
[2026-02-03--21-07-04 INFO txtx::svm::deploy_program] [Recovery Instructions] - Please save the following information in case the deployment fails and the account needs to be recovered:
[2026-02-03--21-07-04 INFO txtx::svm::deploy_program] [Recovery Instructions] - Ephemeral authority public key: 6Ufi35fb6gyqSjJLGGp8J898EMGaAoRAmxppmZ5kjjZU
[2026-02-03--21-07-04 INFO txtx::svm::deploy_program] [Recovery Instructions] - Ephemeral authority secret key: [226, 244, 108, 162, 36, 73, 52, 178, 120, 235, 72, 81, 20, 116, 70, 90, 33, 146, 250, 49, 87, 56, 249, 89, 43, 163, 63, 168, 84, 19, 78, 181, 81, 96, 226, 25, 160, 63, 9, 81, 146, 35, 110, 165, 200, 40, 109, 214, 144, 215, 156, 251, 20, 89, 85, 215, 168, 126, 109, 47, 182, 179, 217, 3]
[2026-02-03--21-07-05 INFO txtx::svm::deploy_program] Account Created - Ephemeral authority account created and funded to write to buffer
[2026-02-03--21-07-05 INFO txtx::svm::deploy_program] [Recovery Instructions] - Creating program buffer account at pubkey n95q1a1uNPrQgP4AQ1TFkeZPLmunHemDtEuyLeQk9qX
[2026-02-03--21-07-05 INFO txtx::svm::deploy_program] Account Created - Program buffer account created
[2026-02-03--21-07-16 INFO txtx::svm::deploy_program] Buffer Ready - Writing to buffer account is complete
[2026-02-03--21-07-17 INFO txtx::svm::deploy_program] Program Created - Program 2Vik12rJ3bWRRj114br9wbdnm9GFaaaYqogYWEPxtMwW has been deployed
[2026-02-03--21-07-18 INFO txtx::svm::deploy_program] Complete - Ephemeral authority account closed and leftover funds returned to payer
[2026-02-03--21-07-45 INFO parity_ws::io] Accepted a new tcp connection from 127.0.0.1:50186.
[2026-02-03--21-18-28 INFO actix_server::accept] accept thread stopped
[2026-02-03--21-18-28 INFO actix_server::worker] shutting down idle worker
[2026-02-03--21-18-28 INFO actix_server::worker] shutting down idle worker
[2026-02-03--21-18-28 INFO actix_server::worker] shutting down idle worker
[2026-02-03--21-18-28 INFO actix_server::worker] shutting down idle worker
[2026-02-03--21-18-28 INFO actix_server::worker] shutting down idle worker
