[2026-02-02--23-13-00 INFO actix_server::builder] starting 5 workers
[2026-02-02--23-13-00 INFO actix_server::server] Tokio runtime found; starting in existing Tokio runtime
[2026-02-02--23-13-00 INFO actix_server::server] starting service: "actix-web-service-127.0.0.1:18488", workers: 5, listening on: 127.0.0.1:18488
[2026-02-02--23-13-01 INFO parity_ws] Listening for new connections on 127.0.0.1:8900.
[2026-02-02--23-13-04 INFO txtx::svm::deploy_program] [Recovery Instructions] - An ephemeral authority account will be created and funded to write to the buffer account.
[2026-02-02--23-13-04 INFO txtx::svm::deploy_program] [Recovery Instructions] - Please save the following information in case the deployment fails and the account needs to be recovered:
[2026-02-02--23-13-04 INFO txtx::svm::deploy_program] [Recovery Instructions] - Ephemeral authority public key: cNxcRaMD9mVatpu8rf1V8tF9ShY6icYnRqh3VYAupV8
[2026-02-02--23-13-04 INFO txtx::svm::deploy_program] [Recovery Instructions] - Ephemeral authority secret key: [195, 181, 130, 80, 158, 46, 164, 75, 32, 99, 91, 68, 205, 126, 251, 149, 93, 246, 213, 187, 27, 80, 157, 136, 59, 168, 155, 100, 127, 22, 82, 14, 9, 16, 40, 63, 126, 89, 245, 185, 53, 2, 106, 229, 134, 146, 201, 104, 111, 222, 18, 81, 12, 245, 236, 125, 155, 116, 83, 89, 238, 157, 88, 11]
[2026-02-02--23-13-04 INFO txtx::svm::deploy_program] Account Created - Ephemeral authority account created and funded to write to buffer
[2026-02-02--23-13-04 INFO txtx::svm::deploy_program] [Recovery Instructions] - Creating program buffer account at pubkey GVQ4sjcHrv9EiLuMHj3Gwx74Zh3THjKRNHnS1jw3PwpP
[2026-02-02--23-13-05 INFO txtx::svm::deploy_program] Account Created - Program buffer account created
[2026-02-02--23-13-16 INFO txtx::svm::deploy_program] Buffer Ready - Writing to buffer account is complete
[2026-02-02--23-13-18 INFO txtx::svm::deploy_program] Program Created - Program 2Vik12rJ3bWRRj114br9wbdnm9GFaaaYqogYWEPxtMwW has been deployed
[2026-02-02--23-13-19 INFO txtx::svm::deploy_program] Complete - Ephemeral authority account closed and leftover funds returned to payer
[2026-02-02--23-14-17 INFO parity_ws::io] Accepted a new tcp connection from 127.0.0.1:50682.
[2026-02-03--08-28-22 INFO actix_server::worker] shutting down idle worker
[2026-02-03--08-28-22 INFO actix_server::worker] shutting down idle worker
[2026-02-03--08-28-22 INFO actix_server::worker] shutting down idle worker
[2026-02-03--08-28-22 INFO actix_server::worker] shutting down idle worker
[2026-02-03--08-28-22 INFO actix_server::worker] shutting down idle worker
[2026-02-03--08-28-22 INFO actix_server::accept] accept thread stopped
