[2026-02-02--17-17-53 INFO actix_server::builder] starting 5 workers
[2026-02-02--17-17-53 INFO actix_server::server] Tokio runtime found; starting in existing Tokio runtime
[2026-02-02--17-17-53 INFO actix_server::server] starting service: "actix-web-service-127.0.0.1:18488", workers: 5, listening on: 127.0.0.1:18488
[2026-02-02--17-17-53 INFO parity_ws] Listening for new connections on 127.0.0.1:8900.
[2026-02-02--17-17-55 INFO txtx::svm::deploy_program] [Recovery Instructions] - An ephemeral authority account will be created and funded to write to the buffer account.
[2026-02-02--17-17-55 INFO txtx::svm::deploy_program] [Recovery Instructions] - Please save the following information in case the deployment fails and the account needs to be recovered:
[2026-02-02--17-17-55 INFO txtx::svm::deploy_program] [Recovery Instructions] - Ephemeral authority public key: 4bFBvR9N53c9duz4V2n2p2TTZugoWeT6DTmpDr46Q97U
[2026-02-02--17-17-55 INFO txtx::svm::deploy_program] [Recovery Instructions] - Ephemeral authority secret key: [208, 114, 115, 81, 47, 164, 176, 197, 221, 100, 109, 177, 45, 44, 190, 69, 184, 105, 84, 197, 204, 119, 180, 126, 225, 162, 166, 118, 100, 81, 159, 84, 53, 88, 217, 221, 213, 211, 42, 75, 6, 9, 102, 235, 1, 117, 119, 158, 32, 182, 85, 12, 211, 61, 112, 135, 162, 134, 133, 117, 219, 45, 149, 159]
[2026-02-02--17-17-56 INFO txtx::svm::deploy_program] Account Created - Ephemeral authority account created and funded to write to buffer
[2026-02-02--17-17-56 INFO txtx::svm::deploy_program] [Recovery Instructions] - Creating program buffer account at pubkey FvdLjUrdjcqeEmYxArNMVZaoQd8NNKsp7utFEkJNxecB
[2026-02-02--17-17-56 INFO txtx::svm::deploy_program] Account Created - Program buffer account created
[2026-02-02--17-18-06 INFO txtx::svm::deploy_program] Buffer Ready - Writing to buffer account is complete
[2026-02-02--17-18-07 INFO txtx::svm::deploy_program] Program Created - Program 2Vik12rJ3bWRRj114br9wbdnm9GFaaaYqogYWEPxtMwW has been deployed
[2026-02-02--17-18-08 INFO txtx::svm::deploy_program] Complete - Ephemeral authority account closed and leftover funds returned to payer
[2026-02-02--17-20-15 INFO parity_ws::io] Accepted a new tcp connection from 127.0.0.1:46072.
[2026-02-02--17-21-32 INFO actix_server::accept] accept thread stopped
[2026-02-02--17-21-32 INFO actix_server::worker] shutting down idle worker
[2026-02-02--17-21-32 INFO actix_server::worker] shutting down idle worker
[2026-02-02--17-21-32 INFO actix_server::worker] shutting down idle worker
[2026-02-02--17-21-32 INFO actix_server::worker] shutting down idle worker
[2026-02-02--17-21-32 INFO actix_server::worker] shutting down idle worker
