[2026-02-03--21-45-47 INFO actix_server::builder] starting 5 workers
[2026-02-03--21-45-47 INFO actix_server::server] Tokio runtime found; starting in existing Tokio runtime
[2026-02-03--21-45-47 INFO actix_server::server] starting service: "actix-web-service-127.0.0.1:18488", workers: 5, listening on: 127.0.0.1:18488
[2026-02-03--21-45-48 INFO parity_ws] Listening for new connections on 127.0.0.1:8900.
[2026-02-03--21-45-50 INFO txtx::svm::deploy_program] [Recovery Instructions] - An ephemeral authority account will be created and funded to write to the buffer account.
[2026-02-03--21-45-50 INFO txtx::svm::deploy_program] [Recovery Instructions] - Please save the following information in case the deployment fails and the account needs to be recovered:
[2026-02-03--21-45-50 INFO txtx::svm::deploy_program] [Recovery Instructions] - Ephemeral authority public key: GRnKH6iQDRhk7vdzfTBvgSMUvTs86nhyRVMMhLTBGFqp
[2026-02-03--21-45-50 INFO txtx::svm::deploy_program] [Recovery Instructions] - Ephemeral authority secret key: [120, 119, 53, 110, 195, 21, 170, 1, 129, 173, 232, 231, 54, 87, 164, 123, 239, 173, 10, 222, 196, 141, 195, 168, 79, 141, 37, 245, 217, 6, 8, 69, 229, 56, 123, 54, 26, 231, 115, 186, 91, 134, 166, 174, 121, 244, 115, 36, 24, 146, 61, 171, 88, 103, 54, 164, 103, 9, 218, 43, 1, 152, 38, 255]
[2026-02-03--21-45-50 INFO txtx::svm::deploy_program] Account Created - Ephemeral authority account created and funded to write to buffer
[2026-02-03--21-45-50 INFO txtx::svm::deploy_program] [Recovery Instructions] - Creating program buffer account at pubkey 62tErmCHmFzR1KXaTxpNTJnS6Jyss2hYFPuZjdVWmHkb
[2026-02-03--21-45-51 INFO txtx::svm::deploy_program] Account Created - Program buffer account created
[2026-02-03--21-46-05 INFO txtx::svm::deploy_program] Buffer Ready - Writing to buffer account is complete
[2026-02-03--21-46-07 INFO txtx::svm::deploy_program] Program Created - Program 2Vik12rJ3bWRRj114br9wbdnm9GFaaaYqogYWEPxtMwW has been deployed
[2026-02-03--21-46-08 INFO txtx::svm::deploy_program] Complete - Ephemeral authority account closed and leftover funds returned to payer
[2026-02-03--21-46-29 INFO parity_ws::io] Accepted a new tcp connection from 127.0.0.1:58448.
[2026-02-03--21-51-33 INFO actix_server::worker] shutting down idle worker
[2026-02-03--21-51-33 INFO actix_server::worker] shutting down idle worker
[2026-02-03--21-51-33 INFO actix_server::worker] shutting down idle worker
[2026-02-03--21-51-33 INFO actix_server::accept] accept thread stopped
[2026-02-03--21-51-33 INFO actix_server::worker] shutting down idle worker
[2026-02-03--21-51-33 INFO actix_server::worker] shutting down idle worker
